Connecting to database specified by database.yml
  [1m[36m (0.1ms)[0m  [1mselect sqlite_version(*)[0m
  [1m[35m (201.0ms)[0m  CREATE TABLE "schema_migrations" ("version" varchar(255) NOT NULL) 
  [1m[36m (0.1ms)[0m  [1mPRAGMA index_list("schema_migrations")[0m
  [1m[35m (210.8ms)[0m  CREATE UNIQUE INDEX "unique_schema_migrations" ON "schema_migrations" ("version")
  [1m[36m (0.2ms)[0m  [1mselect sqlite_version(*)[0m
  [1m[35m (0.1ms)[0m  SELECT "schema_migrations"."version" FROM "schema_migrations" 
Connecting to database specified by database.yml
Connecting to database specified by database.yml
Connecting to database specified by database.yml
Connecting to database specified by database.yml
Connecting to database specified by database.yml
  [1m[36m (0.1ms)[0m  [1mSELECT "schema_migrations"."version" FROM "schema_migrations" [0m
Migrating to DeviseCreateUsers (20120903160907)
  [1m[35m (0.0ms)[0m  select sqlite_version(*)
  [1m[36m (0.0ms)[0m  [1mbegin transaction[0m
  [1m[35m (0.5ms)[0m  CREATE TABLE "users" ("id" INTEGER PRIMARY KEY AUTOINCREMENT NOT NULL, "email" varchar(255) DEFAULT '' NOT NULL, "encrypted_password" varchar(255) DEFAULT '' NOT NULL, "reset_password_token" varchar(255), "reset_password_sent_at" datetime, "remember_created_at" datetime, "sign_in_count" integer DEFAULT 0, "current_sign_in_at" datetime, "last_sign_in_at" datetime, "current_sign_in_ip" varchar(255), "last_sign_in_ip" varchar(255), "name" varchar(255), "created_at" datetime NOT NULL, "updated_at" datetime NOT NULL) 
  [1m[36m (0.0ms)[0m  [1mPRAGMA index_list("users")[0m
  [1m[35m (0.7ms)[0m  CREATE UNIQUE INDEX "index_users_on_email" ON "users" ("email")
  [1m[36m (0.0ms)[0m  [1mPRAGMA index_list("users")[0m
  [1m[35m (0.0ms)[0m  PRAGMA index_info('index_users_on_email')
  [1m[36m (0.1ms)[0m  [1mCREATE UNIQUE INDEX "index_users_on_reset_password_token" ON "users" ("reset_password_token")[0m
  [1m[35m (0.1ms)[0m  INSERT INTO "schema_migrations" ("version") VALUES ('20120903160907')
  [1m[36m (245.4ms)[0m  [1mcommit transaction[0m
Migrating to DeviseCreateAdmins (20120903160911)
  [1m[35m (0.1ms)[0m  begin transaction
  [1m[36m (0.3ms)[0m  [1mCREATE TABLE "admins" ("id" INTEGER PRIMARY KEY AUTOINCREMENT NOT NULL, "email" varchar(255) DEFAULT '' NOT NULL, "encrypted_password" varchar(255) DEFAULT '' NOT NULL, "reset_password_token" varchar(255), "reset_password_sent_at" datetime, "remember_created_at" datetime, "sign_in_count" integer DEFAULT 0, "current_sign_in_at" datetime, "last_sign_in_at" datetime, "current_sign_in_ip" varchar(255), "last_sign_in_ip" varchar(255), "name" varchar(255), "created_at" datetime NOT NULL, "updated_at" datetime NOT NULL) [0m
  [1m[35m (0.0ms)[0m  PRAGMA index_list("admins")
  [1m[36m (0.2ms)[0m  [1mCREATE UNIQUE INDEX "index_admins_on_email" ON "admins" ("email")[0m
  [1m[35m (0.0ms)[0m  PRAGMA index_list("admins")
  [1m[36m (0.0ms)[0m  [1mPRAGMA index_info('index_admins_on_email')[0m
  [1m[35m (0.1ms)[0m  CREATE UNIQUE INDEX "index_admins_on_reset_password_token" ON "admins" ("reset_password_token")
  [1m[36m (0.1ms)[0m  [1mINSERT INTO "schema_migrations" ("version") VALUES ('20120903160911')[0m
  [1m[35m (217.8ms)[0m  commit transaction
  [1m[36m (0.3ms)[0m  [1mselect sqlite_version(*)[0m
  [1m[35m (0.1ms)[0m  SELECT "schema_migrations"."version" FROM "schema_migrations" 
  [1m[36m (0.0ms)[0m  [1mPRAGMA index_list("admins")[0m
  [1m[35m (0.0ms)[0m  PRAGMA index_info('index_admins_on_reset_password_token')
  [1m[36m (0.0ms)[0m  [1mPRAGMA index_info('index_admins_on_email')[0m
  [1m[35m (0.0ms)[0m  PRAGMA index_list("users")
  [1m[36m (0.0ms)[0m  [1mPRAGMA index_info('index_users_on_reset_password_token')[0m
  [1m[35m (0.0ms)[0m  PRAGMA index_info('index_users_on_email')
Connecting to database specified by database.yml
Connecting to database specified by database.yml
Connecting to database specified by database.yml
Connecting to database specified by database.yml
Connecting to database specified by database.yml
Connecting to database specified by database.yml
  [1m[36m (0.1ms)[0m  [1mSELECT "schema_migrations"."version" FROM "schema_migrations" [0m
Migrating to DeviseCreateUsers (20120903160907)
Migrating to DeviseCreateAdmins (20120903160911)
Migrating to CreateRoles (20120903160920)
  [1m[35m (0.0ms)[0m  select sqlite_version(*)
  [1m[36m (0.0ms)[0m  [1mbegin transaction[0m
  [1m[35m (0.3ms)[0m  CREATE TABLE "roles" ("id" INTEGER PRIMARY KEY AUTOINCREMENT NOT NULL, "name" varchar(255), "created_at" datetime NOT NULL, "updated_at" datetime NOT NULL) 
  [1m[36m (0.1ms)[0m  [1mINSERT INTO "schema_migrations" ("version") VALUES ('20120903160920')[0m
  [1m[35m (275.8ms)[0m  commit transaction
  [1m[36m (0.3ms)[0m  [1mselect sqlite_version(*)[0m
  [1m[35m (0.1ms)[0m  SELECT "schema_migrations"."version" FROM "schema_migrations" 
  [1m[36m (0.0ms)[0m  [1mPRAGMA index_list("admins")[0m
  [1m[35m (0.0ms)[0m  PRAGMA index_info('index_admins_on_reset_password_token')
  [1m[36m (0.0ms)[0m  [1mPRAGMA index_info('index_admins_on_email')[0m
  [1m[35m (0.0ms)[0m  PRAGMA index_list("roles")
  [1m[36m (0.0ms)[0m  [1mPRAGMA index_list("users")[0m
  [1m[35m (0.0ms)[0m  PRAGMA index_info('index_users_on_reset_password_token')
  [1m[36m (0.0ms)[0m  [1mPRAGMA index_info('index_users_on_email')[0m
Connecting to database specified by database.yml
Connecting to database specified by database.yml
  [1m[36m (0.1ms)[0m  [1mselect sqlite_version(*)[0m
  [1m[35m (226.8ms)[0m  CREATE TABLE "schema_migrations" ("version" varchar(255) NOT NULL) 
  [1m[36m (0.1ms)[0m  [1mPRAGMA index_list("schema_migrations")[0m
  [1m[35m (2977.3ms)[0m  CREATE UNIQUE INDEX "unique_schema_migrations" ON "schema_migrations" ("version")
  [1m[36m (0.1ms)[0m  [1mSELECT "schema_migrations"."version" FROM "schema_migrations" [0m
Migrating to DeviseCreateUsers (20120903160907)
  [1m[35m (0.0ms)[0m  begin transaction
  [1m[36m (0.5ms)[0m  [1mCREATE TABLE "users" ("id" INTEGER PRIMARY KEY AUTOINCREMENT NOT NULL, "email" varchar(255) DEFAULT '' NOT NULL, "encrypted_password" varchar(255) DEFAULT '' NOT NULL, "reset_password_token" varchar(255), "reset_password_sent_at" datetime, "remember_created_at" datetime, "sign_in_count" integer DEFAULT 0, "current_sign_in_at" datetime, "last_sign_in_at" datetime, "current_sign_in_ip" varchar(255), "last_sign_in_ip" varchar(255), "name" varchar(255), "created_at" datetime NOT NULL, "updated_at" datetime NOT NULL) [0m
  [1m[35m (0.0ms)[0m  PRAGMA index_list("users")
  [1m[36m (0.3ms)[0m  [1mCREATE UNIQUE INDEX "index_users_on_email" ON "users" ("email")[0m
  [1m[35m (0.0ms)[0m  PRAGMA index_list("users")
  [1m[36m (0.0ms)[0m  [1mPRAGMA index_info('index_users_on_email')[0m
  [1m[35m (0.1ms)[0m  CREATE UNIQUE INDEX "index_users_on_reset_password_token" ON "users" ("reset_password_token")
  [1m[36m (0.1ms)[0m  [1mINSERT INTO "schema_migrations" ("version") VALUES ('20120903160907')[0m
  [1m[35m (246.8ms)[0m  commit transaction
Migrating to DeviseCreateAdmins (20120903160911)
  [1m[36m (0.1ms)[0m  [1mbegin transaction[0m
  [1m[35m (0.3ms)[0m  CREATE TABLE "admins" ("id" INTEGER PRIMARY KEY AUTOINCREMENT NOT NULL, "email" varchar(255) DEFAULT '' NOT NULL, "encrypted_password" varchar(255) DEFAULT '' NOT NULL, "reset_password_token" varchar(255), "reset_password_sent_at" datetime, "remember_created_at" datetime, "sign_in_count" integer DEFAULT 0, "current_sign_in_at" datetime, "last_sign_in_at" datetime, "current_sign_in_ip" varchar(255), "last_sign_in_ip" varchar(255), "name" varchar(255), "created_at" datetime NOT NULL, "updated_at" datetime NOT NULL) 
  [1m[36m (0.0ms)[0m  [1mPRAGMA index_list("admins")[0m
  [1m[35m (0.2ms)[0m  CREATE UNIQUE INDEX "index_admins_on_email" ON "admins" ("email")
  [1m[36m (0.0ms)[0m  [1mPRAGMA index_list("admins")[0m
  [1m[35m (0.0ms)[0m  PRAGMA index_info('index_admins_on_email')
  [1m[36m (0.1ms)[0m  [1mCREATE UNIQUE INDEX "index_admins_on_reset_password_token" ON "admins" ("reset_password_token")[0m
  [1m[35m (0.1ms)[0m  INSERT INTO "schema_migrations" ("version") VALUES ('20120903160911')
  [1m[36m (228.9ms)[0m  [1mcommit transaction[0m
Migrating to CreateRoles (20120903160920)
  [1m[35m (0.1ms)[0m  begin transaction
  [1m[36m (0.3ms)[0m  [1mCREATE TABLE "roles" ("id" INTEGER PRIMARY KEY AUTOINCREMENT NOT NULL, "name" varchar(255), "created_at" datetime NOT NULL, "updated_at" datetime NOT NULL) [0m
  [1m[35m (0.1ms)[0m  INSERT INTO "schema_migrations" ("version") VALUES ('20120903160920')
  [1m[36m (242.0ms)[0m  [1mcommit transaction[0m
Migrating to AddAttachmentAvatarToUsers (20120903160945)
  [1m[35m (0.1ms)[0m  begin transaction
DEPRECATION WARNING: Method `t.has_attached_file` in the migration has been deprecated and will be replaced by `t.attachment`. (called from block in up at /home/yunus/RubymineProjects/support/db/migrate/20120903160945_add_attachment_avatar_to_users.rb:4)
  [1m[36m (0.3ms)[0m  [1mALTER TABLE "users" ADD "avatar_file_name" varchar(255)[0m
  [1m[35m (0.2ms)[0m  ALTER TABLE "users" ADD "avatar_content_type" varchar(255)
  [1m[36m (0.2ms)[0m  [1mALTER TABLE "users" ADD "avatar_file_size" integer[0m
  [1m[35m (0.2ms)[0m  ALTER TABLE "users" ADD "avatar_updated_at" datetime
  [1m[36m (0.1ms)[0m  [1mINSERT INTO "schema_migrations" ("version") VALUES ('20120903160945')[0m
  [1m[35m (274.6ms)[0m  commit transaction
  [1m[36m (0.4ms)[0m  [1mselect sqlite_version(*)[0m
  [1m[35m (0.1ms)[0m  SELECT "schema_migrations"."version" FROM "schema_migrations" 
  [1m[36m (0.0ms)[0m  [1mPRAGMA index_list("admins")[0m
  [1m[35m (0.0ms)[0m  PRAGMA index_info('index_admins_on_reset_password_token')
  [1m[36m (0.0ms)[0m  [1mPRAGMA index_info('index_admins_on_email')[0m
  [1m[35m (0.0ms)[0m  PRAGMA index_list("roles")
  [1m[36m (0.0ms)[0m  [1mPRAGMA index_list("users")[0m
  [1m[35m (0.0ms)[0m  PRAGMA index_info('index_users_on_reset_password_token')
  [1m[36m (0.0ms)[0m  [1mPRAGMA index_info('index_users_on_email')[0m
  [1m[35m (0.1ms)[0m  SELECT "schema_migrations"."version" FROM "schema_migrations" 
  [1m[36m (0.1ms)[0m  [1mbegin transaction[0m
  [1m[35mUser Exists (0.2ms)[0m  SELECT 1 AS one FROM "users" WHERE "users"."email" = 'user@lab2023.com' LIMIT 1
  [1m[36mUser Exists (0.1ms)[0m  [1mSELECT 1 AS one FROM "users" WHERE "users"."email" = 'user@lab2023.com' LIMIT 1[0m
Binary data inserted for `string` type on column `encrypted_password`
  [1m[35mSQL (27.1ms)[0m  INSERT INTO "users" ("avatar_content_type", "avatar_file_name", "avatar_file_size", "avatar_updated_at", "created_at", "current_sign_in_at", "current_sign_in_ip", "email", "encrypted_password", "last_sign_in_at", "last_sign_in_ip", "name", "remember_created_at", "reset_password_sent_at", "reset_password_token", "sign_in_count", "updated_at") VALUES (?, ?, ?, ?, ?, ?, ?, ?, ?, ?, ?, ?, ?, ?, ?, ?, ?)  [["avatar_content_type", nil], ["avatar_file_name", nil], ["avatar_file_size", nil], ["avatar_updated_at", nil], ["created_at", Mon, 03 Sep 2012 19:09:53 EEST +03:00], ["current_sign_in_at", nil], ["current_sign_in_ip", nil], ["email", "user@lab2023.com"], ["encrypted_password", "$2a$10$AsHVHrwGXhT/k1LiQYQ3Cu.6ax0su73T.JX1vfhBnYK4IZqLiPfdG"], ["last_sign_in_at", nil], ["last_sign_in_ip", nil], ["name", "Lab2023 User"], ["remember_created_at", nil], ["reset_password_sent_at", nil], ["reset_password_token", nil], ["sign_in_count", 0], ["updated_at", Mon, 03 Sep 2012 19:09:53 EEST +03:00]]
[paperclip] Saving attachments.
  [1m[36m (309.2ms)[0m  [1mcommit transaction[0m
  [1m[35m (0.1ms)[0m  begin transaction
Binary data inserted for `string` type on column `encrypted_password`
  [1m[36mSQL (0.6ms)[0m  [1mINSERT INTO "admins" ("created_at", "current_sign_in_at", "current_sign_in_ip", "email", "encrypted_password", "last_sign_in_at", "last_sign_in_ip", "name", "remember_created_at", "reset_password_sent_at", "reset_password_token", "sign_in_count", "updated_at") VALUES (?, ?, ?, ?, ?, ?, ?, ?, ?, ?, ?, ?, ?)[0m  [["created_at", Mon, 03 Sep 2012 19:09:54 EEST +03:00], ["current_sign_in_at", nil], ["current_sign_in_ip", nil], ["email", "admin@lab2023.com"], ["encrypted_password", "$2a$10$AwnUg/or2JyUaEiwQ0lal.fUYDqrw4VDEAA8gHhJANRivB4zPcAgy"], ["last_sign_in_at", nil], ["last_sign_in_ip", nil], ["name", "Lab2023 Admin"], ["remember_created_at", nil], ["reset_password_sent_at", nil], ["reset_password_token", nil], ["sign_in_count", 0], ["updated_at", Mon, 03 Sep 2012 19:09:54 EEST +03:00]]
  [1m[35m (219.0ms)[0m  commit transaction
Connecting to database specified by database.yml


Started GET "/" for 127.0.0.1 at 2012-09-03 19:12:06 +0300
Processing by PagesController#index as HTML
  Rendered pages/index.html.haml within layouts/application (0.9ms)
Compiled bootstrap-datepicker.css  (0ms)  (pid 6565)
Compiled pages.css  (1ms)  (pid 6565)
Compiled application.css  (3548ms)  (pid 6565)
Compiled jquery.js  (4ms)  (pid 6565)
Compiled jquery_ujs.js  (0ms)  (pid 6565)
Compiled bootstrap-transition.js  (0ms)  (pid 6565)
Compiled bootstrap-alert.js  (0ms)  (pid 6565)
Compiled bootstrap-button.js  (0ms)  (pid 6565)
Compiled bootstrap-carousel.js  (0ms)  (pid 6565)
Compiled bootstrap-collapse.js  (0ms)  (pid 6565)
Compiled bootstrap-dropdown.js  (0ms)  (pid 6565)
Compiled bootstrap-modal.js  (0ms)  (pid 6565)
Compiled bootstrap-scrollspy.js  (0ms)  (pid 6565)
Compiled bootstrap-tab.js  (0ms)  (pid 6565)
Compiled bootstrap-tooltip.js  (0ms)  (pid 6565)
Compiled bootstrap-popover.js  (0ms)  (pid 6565)
Compiled bootstrap-typeahead.js  (0ms)  (pid 6565)
Compiled bootstrap.js  (144ms)  (pid 6565)
Compiled bootstrap-datepicker/core.js  (0ms)  (pid 6565)
Compiled bootstrap-datepicker/locales/bootstrap-datepicker.br.js  (0ms)  (pid 6565)
Compiled bootstrap-datepicker/locales/bootstrap-datepicker.cs.js  (0ms)  (pid 6565)
Compiled bootstrap-datepicker/locales/bootstrap-datepicker.da.js  (0ms)  (pid 6565)
Compiled bootstrap-datepicker/locales/bootstrap-datepicker.de.js  (0ms)  (pid 6565)
Compiled bootstrap-datepicker/locales/bootstrap-datepicker.es.js  (0ms)  (pid 6565)
Compiled bootstrap-datepicker/locales/bootstrap-datepicker.fi.js  (0ms)  (pid 6565)
Compiled bootstrap-datepicker/locales/bootstrap-datepicker.fr.js  (0ms)  (pid 6565)
Compiled bootstrap-datepicker/locales/bootstrap-datepicker.id.js  (0ms)  (pid 6565)
Compiled bootstrap-datepicker/locales/bootstrap-datepicker.is.js  (0ms)  (pid 6565)
Compiled bootstrap-datepicker/locales/bootstrap-datepicker.it.js  (0ms)  (pid 6565)
Compiled bootstrap-datepicker/locales/bootstrap-datepicker.ja.js  (0ms)  (pid 6565)
Compiled bootstrap-datepicker/locales/bootstrap-datepicker.kr.js  (0ms)  (pid 6565)
Compiled bootstrap-datepicker/locales/bootstrap-datepicker.lt.js  (0ms)  (pid 6565)
Compiled bootstrap-datepicker/locales/bootstrap-datepicker.lv.js  (0ms)  (pid 6565)
Compiled bootstrap-datepicker/locales/bootstrap-datepicker.ms.js  (0ms)  (pid 6565)
Compiled bootstrap-datepicker/locales/bootstrap-datepicker.nb.js  (0ms)  (pid 6565)
Compiled bootstrap-datepicker/locales/bootstrap-datepicker.nl.js  (0ms)  (pid 6565)
Compiled bootstrap-datepicker/locales/bootstrap-datepicker.pl.js  (0ms)  (pid 6565)
Compiled bootstrap-datepicker/locales/bootstrap-datepicker.pt.js  (0ms)  (pid 6565)
Compiled bootstrap-datepicker/locales/bootstrap-datepicker.ru.js  (0ms)  (pid 6565)
Compiled bootstrap-datepicker/locales/bootstrap-datepicker.sv.js  (0ms)  (pid 6565)
Compiled bootstrap-datepicker/locales/bootstrap-datepicker.th.js  (0ms)  (pid 6565)
Compiled bootstrap-datepicker/locales/bootstrap-datepicker.tr.js  (0ms)  (pid 6565)
Compiled bootstrap-datepicker/locales/bootstrap-datepicker.zh-CN.js  (0ms)  (pid 6565)
Compiled bootstrap-datepicker/locales/bootstrap-datepicker.zh-TW.js  (0ms)  (pid 6565)
Compiled bootstrap-datepicker/index.js  (273ms)  (pid 6565)
Compiled jquery.validate.js  (0ms)  (pid 6565)
Compiled jquery.validate.bootstrap.js  (0ms)  (pid 6565)
Compiled application.js  (571ms)  (pid 6565)
Completed 200 OK in 4552ms (Views: 4552.0ms | ActiveRecord: 0.0ms)


Started GET "/assets/application.css?body=1" for 127.0.0.1 at 2012-09-03 19:12:11 +0300
Served asset /application.css - 200 OK (53ms)


Started GET "/assets/bootstrap-datepicker.css?body=1" for 127.0.0.1 at 2012-09-03 19:12:12 +0300
Served asset /bootstrap-datepicker.css - 200 OK (3ms)


Started GET "/assets/pages.css?body=1" for 127.0.0.1 at 2012-09-03 19:12:12 +0300
Served asset /pages.css - 200 OK (1ms)


Started GET "/assets/jquery.js?body=1" for 127.0.0.1 at 2012-09-03 19:12:12 +0300
Served asset /jquery.js - 200 OK (3ms)


Started GET "/assets/jquery_ujs.js?body=1" for 127.0.0.1 at 2012-09-03 19:12:12 +0300
Served asset /jquery_ujs.js - 200 OK (5ms)


Started GET "/assets/bootstrap-transition.js?body=1" for 127.0.0.1 at 2012-09-03 19:12:12 +0300
Served asset /bootstrap-transition.js - 200 OK (10ms)


Started GET "/assets/bootstrap-alert.js?body=1" for 127.0.0.1 at 2012-09-03 19:12:12 +0300
Served asset /bootstrap-alert.js - 200 OK (2ms)


Started GET "/assets/bootstrap-button.js?body=1" for 127.0.0.1 at 2012-09-03 19:12:12 +0300
Served asset /bootstrap-button.js - 200 OK (4ms)


Started GET "/assets/bootstrap-dropdown.js?body=1" for 127.0.0.1 at 2012-09-03 19:12:12 +0300
Served asset /bootstrap-dropdown.js - 200 OK (2ms)


Started GET "/assets/bootstrap-modal.js?body=1" for 127.0.0.1 at 2012-09-03 19:12:12 +0300
Served asset /bootstrap-modal.js - 200 OK (2ms)


Started GET "/assets/bootstrap-collapse.js?body=1" for 127.0.0.1 at 2012-09-03 19:12:12 +0300
Served asset /bootstrap-collapse.js - 200 OK (2ms)


Started GET "/assets/bootstrap-carousel.js?body=1" for 127.0.0.1 at 2012-09-03 19:12:12 +0300
Served asset /bootstrap-carousel.js - 200 OK (2ms)


Started GET "/assets/bootstrap-scrollspy.js?body=1" for 127.0.0.1 at 2012-09-03 19:12:12 +0300
Served asset /bootstrap-scrollspy.js - 200 OK (2ms)


Started GET "/assets/bootstrap-tab.js?body=1" for 127.0.0.1 at 2012-09-03 19:12:12 +0300
Served asset /bootstrap-tab.js - 200 OK (2ms)


Started GET "/assets/bootstrap-tooltip.js?body=1" for 127.0.0.1 at 2012-09-03 19:12:12 +0300
Served asset /bootstrap-tooltip.js - 200 OK (2ms)


Started GET "/assets/bootstrap-popover.js?body=1" for 127.0.0.1 at 2012-09-03 19:12:12 +0300
Served asset /bootstrap-popover.js - 200 OK (4ms)


Started GET "/assets/bootstrap-datepicker/core.js?body=1" for 127.0.0.1 at 2012-09-03 19:12:12 +0300
Served asset /bootstrap-datepicker/core.js - 200 OK (3ms)


Started GET "/assets/bootstrap-typeahead.js?body=1" for 127.0.0.1 at 2012-09-03 19:12:12 +0300
Served asset /bootstrap-typeahead.js - 200 OK (2ms)


Started GET "/assets/bootstrap.js?body=1" for 127.0.0.1 at 2012-09-03 19:12:12 +0300
Served asset /bootstrap.js - 200 OK (12ms)


Started GET "/assets/bootstrap-datepicker/locales/bootstrap-datepicker.br.js?body=1" for 127.0.0.1 at 2012-09-03 19:12:12 +0300
Served asset /bootstrap-datepicker/locales/bootstrap-datepicker.br.js - 200 OK (3ms)


Started GET "/assets/bootstrap-datepicker/locales/bootstrap-datepicker.cs.js?body=1" for 127.0.0.1 at 2012-09-03 19:12:12 +0300
Served asset /bootstrap-datepicker/locales/bootstrap-datepicker.cs.js - 200 OK (55ms)


Started GET "/assets/bootstrap-datepicker/locales/bootstrap-datepicker.da.js?body=1" for 127.0.0.1 at 2012-09-03 19:12:12 +0300
Served asset /bootstrap-datepicker/locales/bootstrap-datepicker.da.js - 200 OK (3ms)


Started GET "/assets/bootstrap-datepicker/locales/bootstrap-datepicker.es.js?body=1" for 127.0.0.1 at 2012-09-03 19:12:12 +0300
Served asset /bootstrap-datepicker/locales/bootstrap-datepicker.es.js - 200 OK (2ms)


Started GET "/assets/bootstrap-datepicker/locales/bootstrap-datepicker.de.js?body=1" for 127.0.0.1 at 2012-09-03 19:12:12 +0300
Served asset /bootstrap-datepicker/locales/bootstrap-datepicker.de.js - 200 OK (3ms)


Started GET "/assets/bootstrap-datepicker/locales/bootstrap-datepicker.fi.js?body=1" for 127.0.0.1 at 2012-09-03 19:12:12 +0300
Served asset /bootstrap-datepicker/locales/bootstrap-datepicker.fi.js - 200 OK (3ms)


Started GET "/assets/bootstrap-datepicker/locales/bootstrap-datepicker.fr.js?body=1" for 127.0.0.1 at 2012-09-03 19:12:12 +0300
Served asset /bootstrap-datepicker/locales/bootstrap-datepicker.fr.js - 200 OK (4ms)


Started GET "/assets/bootstrap-datepicker/locales/bootstrap-datepicker.id.js?body=1" for 127.0.0.1 at 2012-09-03 19:12:12 +0300
Served asset /bootstrap-datepicker/locales/bootstrap-datepicker.id.js - 200 OK (2ms)


Started GET "/assets/bootstrap-datepicker/locales/bootstrap-datepicker.is.js?body=1" for 127.0.0.1 at 2012-09-03 19:12:12 +0300
Served asset /bootstrap-datepicker/locales/bootstrap-datepicker.is.js - 200 OK (4ms)


Started GET "/assets/bootstrap-datepicker/locales/bootstrap-datepicker.it.js?body=1" for 127.0.0.1 at 2012-09-03 19:12:12 +0300
Served asset /bootstrap-datepicker/locales/bootstrap-datepicker.it.js - 200 OK (4ms)


Started GET "/assets/bootstrap-datepicker/locales/bootstrap-datepicker.ja.js?body=1" for 127.0.0.1 at 2012-09-03 19:12:12 +0300
Served asset /bootstrap-datepicker/locales/bootstrap-datepicker.ja.js - 200 OK (6ms)


Started GET "/assets/bootstrap-datepicker/locales/bootstrap-datepicker.kr.js?body=1" for 127.0.0.1 at 2012-09-03 19:12:12 +0300
Served asset /bootstrap-datepicker/locales/bootstrap-datepicker.kr.js - 200 OK (2ms)


Started GET "/assets/bootstrap-datepicker/locales/bootstrap-datepicker.lt.js?body=1" for 127.0.0.1 at 2012-09-03 19:12:12 +0300
Served asset /bootstrap-datepicker/locales/bootstrap-datepicker.lt.js - 200 OK (2ms)


Started GET "/assets/bootstrap-datepicker/locales/bootstrap-datepicker.lv.js?body=1" for 127.0.0.1 at 2012-09-03 19:12:12 +0300
Served asset /bootstrap-datepicker/locales/bootstrap-datepicker.lv.js - 200 OK (4ms)


Started GET "/assets/bootstrap-datepicker/locales/bootstrap-datepicker.ms.js?body=1" for 127.0.0.1 at 2012-09-03 19:12:12 +0300
Served asset /bootstrap-datepicker/locales/bootstrap-datepicker.ms.js - 200 OK (2ms)


Started GET "/assets/bootstrap-datepicker/locales/bootstrap-datepicker.nb.js?body=1" for 127.0.0.1 at 2012-09-03 19:12:12 +0300
Served asset /bootstrap-datepicker/locales/bootstrap-datepicker.nb.js - 200 OK (4ms)


Started GET "/assets/bootstrap-datepicker/locales/bootstrap-datepicker.nl.js?body=1" for 127.0.0.1 at 2012-09-03 19:12:12 +0300
Served asset /bootstrap-datepicker/locales/bootstrap-datepicker.nl.js - 200 OK (5ms)


Started GET "/assets/bootstrap-datepicker/locales/bootstrap-datepicker.pl.js?body=1" for 127.0.0.1 at 2012-09-03 19:12:12 +0300
Served asset /bootstrap-datepicker/locales/bootstrap-datepicker.pl.js - 200 OK (2ms)


Started GET "/assets/bootstrap-datepicker/locales/bootstrap-datepicker.pt.js?body=1" for 127.0.0.1 at 2012-09-03 19:12:12 +0300
Served asset /bootstrap-datepicker/locales/bootstrap-datepicker.pt.js - 200 OK (2ms)


Started GET "/assets/bootstrap-datepicker/locales/bootstrap-datepicker.ru.js?body=1" for 127.0.0.1 at 2012-09-03 19:12:12 +0300
Served asset /bootstrap-datepicker/locales/bootstrap-datepicker.ru.js - 200 OK (3ms)


Started GET "/assets/bootstrap-datepicker/locales/bootstrap-datepicker.sv.js?body=1" for 127.0.0.1 at 2012-09-03 19:12:12 +0300
Served asset /bootstrap-datepicker/locales/bootstrap-datepicker.sv.js - 200 OK (59ms)


Started GET "/assets/bootstrap-datepicker/locales/bootstrap-datepicker.tr.js?body=1" for 127.0.0.1 at 2012-09-03 19:12:12 +0300
Served asset /bootstrap-datepicker/locales/bootstrap-datepicker.tr.js - 200 OK (4ms)


Started GET "/assets/bootstrap-datepicker/locales/bootstrap-datepicker.th.js?body=1" for 127.0.0.1 at 2012-09-03 19:12:12 +0300
Served asset /bootstrap-datepicker/locales/bootstrap-datepicker.th.js - 200 OK (2ms)


Started GET "/assets/bootstrap-datepicker/locales/bootstrap-datepicker.zh-CN.js?body=1" for 127.0.0.1 at 2012-09-03 19:12:12 +0300
Served asset /bootstrap-datepicker/locales/bootstrap-datepicker.zh-CN.js - 200 OK (2ms)


Started GET "/assets/bootstrap-datepicker/locales/bootstrap-datepicker.zh-TW.js?body=1" for 127.0.0.1 at 2012-09-03 19:12:12 +0300
Served asset /bootstrap-datepicker/locales/bootstrap-datepicker.zh-TW.js - 200 OK (3ms)


Started GET "/assets/bootstrap-datepicker/index.js?body=1" for 127.0.0.1 at 2012-09-03 19:12:12 +0300
Served asset /bootstrap-datepicker/index.js - 200 OK (25ms)


Started GET "/assets/jquery.validate.js?body=1" for 127.0.0.1 at 2012-09-03 19:12:12 +0300
Served asset /jquery.validate.js - 200 OK (1ms)


Started GET "/assets/application.js?body=1" for 127.0.0.1 at 2012-09-03 19:12:12 +0300
Served asset /application.js - 200 OK (81ms)


Started GET "/assets/jquery.validate.bootstrap.js?body=1" for 127.0.0.1 at 2012-09-03 19:12:12 +0300
Served asset /jquery.validate.bootstrap.js - 200 OK (1ms)


Started GET "/users/sign_up" for 127.0.0.1 at 2012-09-03 19:14:50 +0300
Processing by Devise::RegistrationsController#new as HTML
  Rendered devise/shared/_links.html.haml (3.6ms)
  Rendered devise/registrations/new.html.haml within layouts/application (303.1ms)
Completed 200 OK in 345ms (Views: 323.0ms | ActiveRecord: 2.5ms)


Started GET "/assets/application.css?body=1" for 127.0.0.1 at 2012-09-03 19:14:50 +0300
Served asset /application.css - 304 Not Modified (4ms)


Started GET "/assets/pages.css?body=1" for 127.0.0.1 at 2012-09-03 19:14:50 +0300
Served asset /pages.css - 304 Not Modified (0ms)


Started GET "/assets/jquery.validate.js?body=1" for 127.0.0.1 at 2012-09-03 19:14:50 +0300
Served asset /jquery.validate.js - 304 Not Modified (0ms)


Started GET "/assets/jquery.validate.bootstrap.js?body=1" for 127.0.0.1 at 2012-09-03 19:14:50 +0300
Served asset /jquery.validate.bootstrap.js - 304 Not Modified (1ms)


Started GET "/assets/application.js?body=1" for 127.0.0.1 at 2012-09-03 19:14:50 +0300
Served asset /application.js - 304 Not Modified (83ms)


Started GET "/users/sign_in" for 127.0.0.1 at 2012-09-03 19:14:53 +0300
Processing by Devise::SessionsController#new as HTML
  Rendered devise/shared/_links.html.haml (0.8ms)
  Rendered devise/sessions/new.html.haml within layouts/application (10.0ms)
Completed 200 OK in 32ms (Views: 31.4ms | ActiveRecord: 0.0ms)


Started GET "/assets/application.css?body=1" for 127.0.0.1 at 2012-09-03 19:14:53 +0300
Served asset /application.css - 304 Not Modified (11ms)


Started GET "/assets/pages.css?body=1" for 127.0.0.1 at 2012-09-03 19:14:53 +0300
Served asset /pages.css - 304 Not Modified (0ms)


Started GET "/assets/jquery.validate.js?body=1" for 127.0.0.1 at 2012-09-03 19:14:53 +0300
Served asset /jquery.validate.js - 304 Not Modified (0ms)


Started GET "/assets/application.js?body=1" for 127.0.0.1 at 2012-09-03 19:14:53 +0300
Served asset /application.js - 304 Not Modified (17ms)


Started GET "/assets/jquery.validate.bootstrap.js?body=1" for 127.0.0.1 at 2012-09-03 19:14:53 +0300
Served asset /jquery.validate.bootstrap.js - 304 Not Modified (0ms)


Started POST "/users/sign_in" for 127.0.0.1 at 2012-09-03 19:15:12 +0300
Processing by Devise::SessionsController#create as HTML
  Parameters: {"utf8"=>"✓", "authenticity_token"=>"bsmAzYq2kobK4KlYvhQm13NMqJT/SPVcH8XiKN1XGkI=", "user"=>{"email"=>"user@lab2023.com", "password"=>"[FILTERED]", "remember_me"=>"0"}, "commit"=>"Giriş Yap"}
  [1m[36mUser Load (0.2ms)[0m  [1mSELECT "users".* FROM "users" WHERE "users"."email" = 'user@lab2023.com' LIMIT 1[0m
Completed 401 Unauthorized in 125ms
Processing by Devise::SessionsController#new as HTML
  Parameters: {"utf8"=>"✓", "authenticity_token"=>"bsmAzYq2kobK4KlYvhQm13NMqJT/SPVcH8XiKN1XGkI=", "user"=>{"email"=>"user@lab2023.com", "password"=>"[FILTERED]", "remember_me"=>"0"}, "commit"=>"Giriş Yap"}
  Rendered devise/shared/_links.html.haml (0.6ms)
  Rendered devise/sessions/new.html.haml within layouts/application (9.5ms)
Completed 200 OK in 104ms (Views: 29.8ms | ActiveRecord: 0.0ms)


Started GET "/assets/application.css?body=1" for 127.0.0.1 at 2012-09-03 19:15:12 +0300
Served asset /application.css - 304 Not Modified (38ms)


Started GET "/assets/pages.css?body=1" for 127.0.0.1 at 2012-09-03 19:15:13 +0300
Served asset /pages.css - 304 Not Modified (0ms)


Started GET "/assets/jquery.validate.js?body=1" for 127.0.0.1 at 2012-09-03 19:15:13 +0300
Served asset /jquery.validate.js - 304 Not Modified (0ms)


Started GET "/assets/jquery.validate.bootstrap.js?body=1" for 127.0.0.1 at 2012-09-03 19:15:13 +0300
Served asset /jquery.validate.bootstrap.js - 304 Not Modified (0ms)


Started GET "/assets/application.js?body=1" for 127.0.0.1 at 2012-09-03 19:15:13 +0300
Served asset /application.js - 304 Not Modified (5ms)


Started POST "/users/sign_in" for 127.0.0.1 at 2012-09-03 19:15:19 +0300
Processing by Devise::SessionsController#create as HTML
  Parameters: {"utf8"=>"✓", "authenticity_token"=>"bsmAzYq2kobK4KlYvhQm13NMqJT/SPVcH8XiKN1XGkI=", "user"=>{"email"=>"user@lab2023.com", "password"=>"[FILTERED]", "remember_me"=>"0"}, "commit"=>"Giriş Yap"}
  [1m[35mUser Load (0.2ms)[0m  SELECT "users".* FROM "users" WHERE "users"."email" = 'user@lab2023.com' LIMIT 1
  [1m[36m (0.1ms)[0m  [1mbegin transaction[0m
  [1m[35m (0.3ms)[0m  UPDATE "users" SET "last_sign_in_at" = '2012-09-03 16:15:19.938187', "current_sign_in_at" = '2012-09-03 16:15:19.938187', "last_sign_in_ip" = '127.0.0.1', "current_sign_in_ip" = '127.0.0.1', "sign_in_count" = 1, "updated_at" = '2012-09-03 16:15:19.939160' WHERE "users"."id" = 1
[paperclip] Saving attachments.
  [1m[36m (254.9ms)[0m  [1mcommit transaction[0m
Redirected to http://localhost:3000/
Completed 302 Found in 343ms (ActiveRecord: 0.0ms)


Started GET "/" for 127.0.0.1 at 2012-09-03 19:15:20 +0300
Processing by PagesController#index as HTML
  Rendered pages/index.html.haml within layouts/application (0.1ms)
  [1m[35mUser Load (0.3ms)[0m  SELECT "users".* FROM "users" WHERE "users"."id" = 1 LIMIT 1
Completed 200 OK in 23ms (Views: 23.0ms | ActiveRecord: 0.3ms)


Started GET "/assets/application.css?body=1" for 127.0.0.1 at 2012-09-03 19:15:20 +0300
Served asset /application.css - 304 Not Modified (50ms)


Started GET "/assets/jquery.validate.bootstrap.js?body=1" for 127.0.0.1 at 2012-09-03 19:15:20 +0300
Served asset /jquery.validate.bootstrap.js - 304 Not Modified (0ms)


Started GET "/assets/pages.css?body=1" for 127.0.0.1 at 2012-09-03 19:15:20 +0300
Served asset /pages.css - 304 Not Modified (0ms)


Started GET "/assets/application.js?body=1" for 127.0.0.1 at 2012-09-03 19:15:20 +0300
Served asset /application.js - 304 Not Modified (7ms)


Started GET "/assets/jquery.validate.js?body=1" for 127.0.0.1 at 2012-09-03 19:15:20 +0300
Served asset /jquery.validate.js - 304 Not Modified (0ms)


Started GET "/assets/glyphicons-halflings-white.png" for 127.0.0.1 at 2012-09-03 19:15:20 +0300
Served asset /glyphicons-halflings-white.png - 200 OK (15ms)


Started GET "/users/edit" for 127.0.0.1 at 2012-09-03 19:15:34 +0300
Processing by Devise::RegistrationsController#edit as HTML
  [1m[36mUser Load (0.2ms)[0m  [1mSELECT "users".* FROM "users" WHERE "users"."id" = 1 LIMIT 1[0m
  Rendered devise/registrations/edit.html.haml within layouts/application (12.0ms)
Completed 200 OK in 33ms (Views: 30.9ms | ActiveRecord: 0.2ms)


Started GET "/assets/application.css?body=1" for 127.0.0.1 at 2012-09-03 19:15:34 +0300
Served asset /application.css - 304 Not Modified (4ms)


Started GET "/assets/pages.css?body=1" for 127.0.0.1 at 2012-09-03 19:15:34 +0300
Served asset /pages.css - 304 Not Modified (0ms)


Started GET "/assets/application.js?body=1" for 127.0.0.1 at 2012-09-03 19:15:34 +0300
Served asset /application.js - 304 Not Modified (48ms)


Started GET "/assets/jquery.validate.bootstrap.js?body=1" for 127.0.0.1 at 2012-09-03 19:15:34 +0300
Served asset /jquery.validate.bootstrap.js - 304 Not Modified (0ms)


Started GET "/assets/jquery.validate.js?body=1" for 127.0.0.1 at 2012-09-03 19:15:34 +0300
Served asset /jquery.validate.js - 304 Not Modified (0ms)
